<?xml version="1.0" encoding="UTF-8"?>
<coverage generated="1517459472092" clover="3.2.0">
  <project timestamp="1517459472092" name="All files">
    <metrics statements="64" coveredstatements="49" conditionals="12" coveredconditionals="5" methods="23" coveredmethods="15" elements="99" coveredelements="69" complexity="0" loc="64" ncloc="64" packages="4" files="5" classes="5">
      <package name="__test__.lib">
        <metrics statements="1" coveredstatements="1" conditionals="0" coveredconditionals="0" methods="0" coveredmethods="0"/>
        <file name="jest-setup.js" path="/home/jesus/codefellows/401/week3/13-mongo-mongoose/lab-jesus/__test__/lib/jest-setup.js">
          <metrics statements="1" coveredstatements="1" conditionals="0" coveredconditionals="0" methods="0" coveredmethods="0"/>
          <line num="3" count="4" type="stmt"/>
        </file>
      </package>
      <package name="lib">
        <metrics statements="38" coveredstatements="33" conditionals="10" coveredconditionals="5" methods="8" coveredmethods="8"/>
        <file name="error-handler.js" path="/home/jesus/codefellows/401/week3/13-mongo-mongoose/lab-jesus/lib/error-handler.js">
          <metrics statements="9" coveredstatements="4" conditionals="6" coveredconditionals="1" methods="1" coveredmethods="1"/>
          <line num="3" count="4" type="stmt"/>
          <line num="4" count="3" type="stmt"/>
          <line num="6" count="3" type="cond" truecount="1" falsecount="5"/>
          <line num="7" count="0" type="stmt"/>
          <line num="8" count="0" type="stmt"/>
          <line num="9" count="3" type="stmt"/>
          <line num="10" count="0" type="stmt"/>
          <line num="11" count="0" type="stmt"/>
          <line num="12" count="0" type="stmt"/>
        </file>
        <file name="server.js" path="/home/jesus/codefellows/401/week3/13-mongo-mongoose/lab-jesus/lib/server.js">
          <metrics statements="29" coveredstatements="29" conditionals="4" coveredconditionals="4" methods="7" coveredmethods="7"/>
          <line num="4" count="4" type="stmt"/>
          <line num="5" count="4" type="stmt"/>
          <line num="6" count="4" type="stmt"/>
          <line num="7" count="4" type="stmt"/>
          <line num="10" count="4" type="stmt"/>
          <line num="11" count="4" type="stmt"/>
          <line num="12" count="4" type="stmt"/>
          <line num="13" count="4" type="stmt"/>
          <line num="16" count="4" type="stmt"/>
          <line num="17" count="4" type="stmt"/>
          <line num="18" count="4" type="stmt"/>
          <line num="19" count="4" type="stmt"/>
          <line num="25" count="4" type="stmt"/>
          <line num="26" count="4" type="stmt"/>
          <line num="27" count="6" type="stmt"/>
          <line num="28" count="6" type="cond" truecount="2" falsecount="0"/>
          <line num="30" count="5" type="stmt"/>
          <line num="31" count="5" type="stmt"/>
          <line num="32" count="5" type="stmt"/>
          <line num="33" count="5" type="stmt"/>
          <line num="34" count="5" type="stmt"/>
          <line num="39" count="4" type="stmt"/>
          <line num="40" count="6" type="stmt"/>
          <line num="41" count="6" type="cond" truecount="2" falsecount="0"/>
          <line num="43" count="5" type="stmt"/>
          <line num="44" count="5" type="stmt"/>
          <line num="45" count="5" type="stmt"/>
          <line num="46" count="5" type="stmt"/>
          <line num="47" count="5" type="stmt"/>
        </file>
      </package>
      <package name="model">
        <metrics statements="3" coveredstatements="3" conditionals="0" coveredconditionals="0" methods="0" coveredmethods="0"/>
        <file name="car.js" path="/home/jesus/codefellows/401/week3/13-mongo-mongoose/lab-jesus/model/car.js">
          <metrics statements="3" coveredstatements="3" conditionals="0" coveredconditionals="0" methods="0" coveredmethods="0"/>
          <line num="3" count="4" type="stmt"/>
          <line num="5" count="4" type="stmt"/>
          <line num="11" count="4" type="stmt"/>
        </file>
      </package>
      <package name="route">
        <metrics statements="22" coveredstatements="12" conditionals="2" coveredconditionals="0" methods="15" coveredmethods="7"/>
        <file name="route-car.js" path="/home/jesus/codefellows/401/week3/13-mongo-mongoose/lab-jesus/route/route-car.js">
          <metrics statements="22" coveredstatements="12" conditionals="2" coveredconditionals="0" methods="15" coveredmethods="7"/>
          <line num="3" count="4" type="stmt"/>
          <line num="4" count="4" type="stmt"/>
          <line num="5" count="4" type="stmt"/>
          <line num="7" count="4" type="stmt"/>
          <line num="12" count="4" type="stmt"/>
          <line num="15" count="0" type="cond" truecount="0" falsecount="2"/>
          <line num="16" count="0" type="stmt"/>
          <line num="17" count="0" type="stmt"/>
          <line num="18" count="0" type="stmt"/>
          <line num="20" count="0" type="stmt"/>
          <line num="21" count="0" type="stmt"/>
          <line num="22" count="0" type="stmt"/>
          <line num="27" count="1" type="stmt"/>
          <line num="28" count="1" type="stmt"/>
          <line num="29" count="1" type="stmt"/>
          <line num="30" count="0" type="stmt"/>
          <line num="33" count="2" type="stmt"/>
          <line num="34" count="2" type="stmt"/>
          <line num="35" count="0" type="stmt"/>
          <line num="39" count="3" type="stmt"/>
          <line num="40" count="3" type="stmt"/>
          <line num="41" count="0" type="stmt"/>
        </file>
      </package>
    </metrics>
  </project>
</coverage>
