{"/home/jesus/codefellows/401/week3/13-mongo-mongoose/lab-jesus/__test__/lib/jest-setup.js": {"path":"/home/jesus/codefellows/401/week3/13-mongo-mongoose/lab-jesus/__test__/lib/jest-setup.js","statementMap":{"0":{"start":{"line":3,"column":0},"end":{"line":3,"column":61}}},"fnMap":{},"branchMap":{},"s":{"0":7},"f":{},"b":{},"_coverageSchema":"332fd63041d2c1bcb487cc26dd0d5f7d97098a6c","hash":"a74034e2c0274ebb41c6ccb2a39d50457e74cd4d"}
,"/home/jesus/codefellows/401/week3/13-mongo-mongoose/lab-jesus/lib/error-handler.js": {"path":"/home/jesus/codefellows/401/week3/13-mongo-mongoose/lab-jesus/lib/error-handler.js","statementMap":{"0":{"start":{"line":3,"column":0},"end":{"line":11,"column":1}},"1":{"start":{"line":4,"column":12},"end":{"line":4,"column":37}},"2":{"start":{"line":6,"column":2},"end":{"line":10,"column":3}},"3":{"start":{"line":7,"column":43},"end":{"line":7,"column":101}},"4":{"start":{"line":8,"column":33},"end":{"line":8,"column":91}},"5":{"start":{"line":9,"column":13},"end":{"line":9,"column":71}}},"fnMap":{"0":{"name":"(anonymous_0)","decl":{"start":{"line":3,"column":17},"end":{"line":3,"column":18}},"loc":{"start":{"line":3,"column":36},"end":{"line":11,"column":1}},"line":3}},"branchMap":{"0":{"loc":{"start":{"line":6,"column":2},"end":{"line":10,"column":3}},"type":"switch","locations":[{"start":{"line":7,"column":4},"end":{"line":7,"column":101}},{"start":{"line":8,"column":4},"end":{"line":8,"column":91}},{"start":{"line":9,"column":4},"end":{"line":9,"column":71}}],"line":6}},"s":{"0":4,"1":3,"2":3,"3":1,"4":1,"5":1},"f":{"0":3},"b":{"0":[1,1,1]},"_coverageSchema":"332fd63041d2c1bcb487cc26dd0d5f7d97098a6c","hash":"59e39407f7f6e61ef7f2e1c30d2328147b67bccb"}
,"/home/jesus/codefellows/401/week3/13-mongo-mongoose/lab-jesus/lib/server.js": {"path":"/home/jesus/codefellows/401/week3/13-mongo-mongoose/lab-jesus/lib/server.js","statementMap":{"0":{"start":{"line":4,"column":16},"end":{"line":4,"column":34}},"1":{"start":{"line":5,"column":21},"end":{"line":5,"column":47}},"2":{"start":{"line":9,"column":12},"end":{"line":9,"column":21}},"3":{"start":{"line":10,"column":15},"end":{"line":10,"column":31}},"4":{"start":{"line":11,"column":0},"end":{"line":11,"column":27}},"5":{"start":{"line":15,"column":0},"end":{"line":15,"column":39}},"6":{"start":{"line":17,"column":0},"end":{"line":17,"column":90}},"7":{"start":{"line":17,"column":28},"end":{"line":17,"column":88}},"8":{"start":{"line":20,"column":15},"end":{"line":20,"column":34}},"9":{"start":{"line":21,"column":0},"end":{"line":21,"column":20}},"10":{"start":{"line":22,"column":0},"end":{"line":22,"column":19}},"11":{"start":{"line":24,"column":0},"end":{"line":29,"column":2}},"12":{"start":{"line":25,"column":2},"end":{"line":25,"column":91}},"13":{"start":{"line":25,"column":18},"end":{"line":25,"column":91}},"14":{"start":{"line":26,"column":2},"end":{"line":26,"column":21}},"15":{"start":{"line":27,"column":2},"end":{"line":27,"column":43}},"16":{"start":{"line":28,"column":2},"end":{"line":28,"column":21}},"17":{"start":{"line":31,"column":0},"end":{"line":35,"column":2}},"18":{"start":{"line":32,"column":2},"end":{"line":32,"column":99}},"19":{"start":{"line":32,"column":19},"end":{"line":32,"column":99}},"20":{"start":{"line":33,"column":2},"end":{"line":33,"column":22}},"21":{"start":{"line":34,"column":2},"end":{"line":34,"column":30}}},"fnMap":{"0":{"name":"(anonymous_0)","decl":{"start":{"line":17,"column":14},"end":{"line":17,"column":15}},"loc":{"start":{"line":17,"column":28},"end":{"line":17,"column":88}},"line":17},"1":{"name":"(anonymous_1)","decl":{"start":{"line":24,"column":15},"end":{"line":24,"column":16}},"loc":{"start":{"line":24,"column":40},"end":{"line":29,"column":1}},"line":24},"2":{"name":"(anonymous_2)","decl":{"start":{"line":31,"column":14},"end":{"line":31,"column":15}},"loc":{"start":{"line":31,"column":33},"end":{"line":35,"column":1}},"line":31}},"branchMap":{"0":{"loc":{"start":{"line":25,"column":2},"end":{"line":25,"column":91}},"type":"if","locations":[{"start":{"line":25,"column":2},"end":{"line":25,"column":91}},{"start":{"line":25,"column":2},"end":{"line":25,"column":91}}],"line":25},"1":{"loc":{"start":{"line":32,"column":2},"end":{"line":32,"column":99}},"type":"if","locations":[{"start":{"line":32,"column":2},"end":{"line":32,"column":99}},{"start":{"line":32,"column":2},"end":{"line":32,"column":99}}],"line":32}},"s":{"0":4,"1":4,"2":4,"3":4,"4":4,"5":4,"6":4,"7":1,"8":4,"9":4,"10":4,"11":4,"12":4,"13":0,"14":4,"15":4,"16":4,"17":4,"18":4,"19":0,"20":4,"21":4},"f":{"0":1,"1":4,"2":4},"b":{"0":[0,4],"1":[0,4]},"_coverageSchema":"332fd63041d2c1bcb487cc26dd0d5f7d97098a6c","hash":"b53556cb0acab729b9e191eecc4fa25facd86ef6"}
,"/home/jesus/codefellows/401/week3/13-mongo-mongoose/lab-jesus/lib/storage.js": {"path":"/home/jesus/codefellows/401/week3/13-mongo-mongoose/lab-jesus/lib/storage.js","statementMap":{"0":{"start":{"line":3,"column":16},"end":{"line":3,"column":35}},"1":{"start":{"line":4,"column":11},"end":{"line":4,"column":64}},"2":{"start":{"line":5,"column":14},"end":{"line":5,"column":46}},"3":{"start":{"line":7,"column":16},"end":{"line":7,"column":35}},"4":{"start":{"line":9,"column":0},"end":{"line":14,"column":2}},"5":{"start":{"line":10,"column":2},"end":{"line":10,"column":32}},"6":{"start":{"line":11,"column":13},"end":{"line":11,"column":33}},"7":{"start":{"line":12,"column":2},"end":{"line":13,"column":22}},"8":{"start":{"line":13,"column":16},"end":{"line":13,"column":20}},"9":{"start":{"line":16,"column":0},"end":{"line":17,"column":67}},"10":{"start":{"line":17,"column":2},"end":{"line":17,"column":66}},"11":{"start":{"line":19,"column":0},"end":{"line":20,"column":2}},"12":{"start":{"line":22,"column":0},"end":{"line":27,"column":2}},"13":{"start":{"line":23,"column":2},"end":{"line":23,"column":32}},"14":{"start":{"line":24,"column":13},"end":{"line":24,"column":33}},"15":{"start":{"line":25,"column":2},"end":{"line":26,"column":22}},"16":{"start":{"line":26,"column":16},"end":{"line":26,"column":20}},"17":{"start":{"line":29,"column":0},"end":{"line":30,"column":2}},"18":{"start":{"line":32,"column":0},"end":{"line":38,"column":2}},"19":{"start":{"line":33,"column":2},"end":{"line":33,"column":59}},"20":{"start":{"line":40,"column":0},"end":{"line":48,"column":2}},"21":{"start":{"line":41,"column":2},"end":{"line":41,"column":27}},"22":{"start":{"line":42,"column":13},"end":{"line":42,"column":33}},"23":{"start":{"line":43,"column":2},"end":{"line":47,"column":7}},"24":{"start":{"line":46,"column":6},"end":{"line":46,"column":73}},"25":{"start":{"line":50,"column":0},"end":{"line":53,"column":2}},"26":{"start":{"line":51,"column":2},"end":{"line":51,"column":27}},"27":{"start":{"line":52,"column":2},"end":{"line":52,"column":74}},"28":{"start":{"line":55,"column":0},"end":{"line":58,"column":2}},"29":{"start":{"line":56,"column":2},"end":{"line":56,"column":30}},"30":{"start":{"line":57,"column":2},"end":{"line":57,"column":58}},"31":{"start":{"line":60,"column":0},"end":{"line":62,"column":2}},"32":{"start":{"line":61,"column":2},"end":{"line":61,"column":68}}},"fnMap":{"0":{"name":"(anonymous_0)","decl":{"start":{"line":9,"column":17},"end":{"line":9,"column":18}},"loc":{"start":{"line":9,"column":35},"end":{"line":14,"column":1}},"line":9},"1":{"name":"(anonymous_1)","decl":{"start":{"line":13,"column":10},"end":{"line":13,"column":11}},"loc":{"start":{"line":13,"column":16},"end":{"line":13,"column":20}},"line":13},"2":{"name":"(anonymous_2)","decl":{"start":{"line":16,"column":19},"end":{"line":16,"column":20}},"loc":{"start":{"line":17,"column":2},"end":{"line":17,"column":66}},"line":17},"3":{"name":"(anonymous_3)","decl":{"start":{"line":19,"column":19},"end":{"line":19,"column":20}},"loc":{"start":{"line":19,"column":31},"end":{"line":20,"column":1}},"line":19},"4":{"name":"(anonymous_4)","decl":{"start":{"line":22,"column":17},"end":{"line":22,"column":18}},"loc":{"start":{"line":22,"column":43},"end":{"line":27,"column":1}},"line":22},"5":{"name":"(anonymous_5)","decl":{"start":{"line":26,"column":10},"end":{"line":26,"column":11}},"loc":{"start":{"line":26,"column":16},"end":{"line":26,"column":20}},"line":26},"6":{"name":"(anonymous_6)","decl":{"start":{"line":29,"column":18},"end":{"line":29,"column":19}},"loc":{"start":{"line":29,"column":38},"end":{"line":30,"column":1}},"line":29},"7":{"name":"(anonymous_7)","decl":{"start":{"line":32,"column":19},"end":{"line":32,"column":20}},"loc":{"start":{"line":32,"column":36},"end":{"line":38,"column":1}},"line":32},"8":{"name":"(anonymous_8)","decl":{"start":{"line":40,"column":17},"end":{"line":40,"column":18}},"loc":{"start":{"line":40,"column":44},"end":{"line":48,"column":1}},"line":40},"9":{"name":"(anonymous_9)","decl":{"start":{"line":44,"column":11},"end":{"line":44,"column":12}},"loc":{"start":{"line":44,"column":17},"end":{"line":47,"column":5}},"line":44},"10":{"name":"(anonymous_10)","decl":{"start":{"line":50,"column":19},"end":{"line":50,"column":20}},"loc":{"start":{"line":50,"column":39},"end":{"line":53,"column":1}},"line":50},"11":{"name":"(anonymous_11)","decl":{"start":{"line":55,"column":19},"end":{"line":55,"column":20}},"loc":{"start":{"line":55,"column":31},"end":{"line":58,"column":1}},"line":55},"12":{"name":"(anonymous_12)","decl":{"start":{"line":60,"column":18},"end":{"line":60,"column":19}},"loc":{"start":{"line":60,"column":39},"end":{"line":62,"column":1}},"line":60}},"branchMap":{},"s":{"0":4,"1":4,"2":4,"3":4,"4":4,"5":1,"6":1,"7":1,"8":0,"9":4,"10":0,"11":4,"12":4,"13":0,"14":0,"15":0,"16":0,"17":4,"18":4,"19":0,"20":4,"21":0,"22":0,"23":0,"24":0,"25":4,"26":0,"27":0,"28":4,"29":0,"30":0,"31":4,"32":0},"f":{"0":1,"1":0,"2":0,"3":0,"4":0,"5":0,"6":0,"7":0,"8":0,"9":0,"10":0,"11":0,"12":0},"b":{},"_coverageSchema":"332fd63041d2c1bcb487cc26dd0d5f7d97098a6c","hash":"a27826e577a5f016c9f45c808b3dfa092d51ce9d"}
,"/home/jesus/codefellows/401/week3/13-mongo-mongoose/lab-jesus/model/note.js": {"path":"/home/jesus/codefellows/401/week3/13-mongo-mongoose/lab-jesus/model/note.js","statementMap":{"0":{"start":{"line":3,"column":13},"end":{"line":3,"column":31}},"1":{"start":{"line":5,"column":0},"end":{"line":14,"column":2}},"2":{"start":{"line":6,"column":2},"end":{"line":13,"column":5}},"3":{"start":{"line":7,"column":4},"end":{"line":7,"column":121}},"4":{"start":{"line":7,"column":27},"end":{"line":7,"column":121}},"5":{"start":{"line":8,"column":4},"end":{"line":8,"column":22}},"6":{"start":{"line":9,"column":4},"end":{"line":9,"column":23}},"7":{"start":{"line":10,"column":4},"end":{"line":10,"column":27}},"8":{"start":{"line":12,"column":4},"end":{"line":12,"column":25}}},"fnMap":{"0":{"name":"Note","decl":{"start":{"line":5,"column":26},"end":{"line":5,"column":30}},"loc":{"start":{"line":5,"column":47},"end":{"line":14,"column":1}},"line":5},"1":{"name":"(anonymous_1)","decl":{"start":{"line":6,"column":21},"end":{"line":6,"column":22}},"loc":{"start":{"line":6,"column":42},"end":{"line":13,"column":3}},"line":6}},"branchMap":{"0":{"loc":{"start":{"line":7,"column":4},"end":{"line":7,"column":121}},"type":"if","locations":[{"start":{"line":7,"column":4},"end":{"line":7,"column":121}},{"start":{"line":7,"column":4},"end":{"line":7,"column":121}}],"line":7},"1":{"loc":{"start":{"line":7,"column":7},"end":{"line":7,"column":25}},"type":"binary-expr","locations":[{"start":{"line":7,"column":7},"end":{"line":7,"column":13}},{"start":{"line":7,"column":17},"end":{"line":7,"column":25}}],"line":7}},"s":{"0":4,"1":4,"2":2,"3":2,"4":1,"5":1,"6":1,"7":1,"8":1},"f":{"0":2,"1":2},"b":{"0":[1,1],"1":[2,1]},"_coverageSchema":"332fd63041d2c1bcb487cc26dd0d5f7d97098a6c","hash":"716a5e6ed1ab659acd3f3953d07b1a345757f5f0"}
,"/home/jesus/codefellows/401/week3/13-mongo-mongoose/lab-jesus/route/route-note.js": {"path":"/home/jesus/codefellows/401/week3/13-mongo-mongoose/lab-jesus/route/route-note.js","statementMap":{"0":{"start":{"line":3,"column":13},"end":{"line":3,"column":37}},"1":{"start":{"line":4,"column":16},"end":{"line":4,"column":41}},"2":{"start":{"line":5,"column":19},"end":{"line":5,"column":48}},"3":{"start":{"line":6,"column":21},"end":{"line":6,"column":52}},"4":{"start":{"line":8,"column":0},"end":{"line":48,"column":2}},"5":{"start":{"line":9,"column":2},"end":{"line":15,"column":5}},"6":{"start":{"line":10,"column":4},"end":{"line":10,"column":26}},"7":{"start":{"line":11,"column":4},"end":{"line":14,"column":44}},"8":{"start":{"line":12,"column":20},"end":{"line":12,"column":48}},"9":{"start":{"line":13,"column":20},"end":{"line":13,"column":46}},"10":{"start":{"line":14,"column":20},"end":{"line":14,"column":42}},"11":{"start":{"line":17,"column":2},"end":{"line":23,"column":5}},"12":{"start":{"line":18,"column":4},"end":{"line":22,"column":44}},"13":{"start":{"line":19,"column":22},"end":{"line":19,"column":39}},"14":{"start":{"line":20,"column":20},"end":{"line":20,"column":36}},"15":{"start":{"line":21,"column":20},"end":{"line":21,"column":46}},"16":{"start":{"line":22,"column":20},"end":{"line":22,"column":42}},"17":{"start":{"line":24,"column":2},"end":{"line":29,"column":5}},"18":{"start":{"line":25,"column":4},"end":{"line":28,"column":44}},"19":{"start":{"line":26,"column":19},"end":{"line":26,"column":50}},"20":{"start":{"line":26,"column":33},"end":{"line":26,"column":49}},"21":{"start":{"line":27,"column":20},"end":{"line":27,"column":46}},"22":{"start":{"line":28,"column":20},"end":{"line":28,"column":42}},"23":{"start":{"line":31,"column":2},"end":{"line":37,"column":5}},"24":{"start":{"line":32,"column":4},"end":{"line":32,"column":26}},"25":{"start":{"line":33,"column":4},"end":{"line":36,"column":44}},"26":{"start":{"line":34,"column":20},"end":{"line":34,"column":62}},"27":{"start":{"line":35,"column":20},"end":{"line":35,"column":46}},"28":{"start":{"line":36,"column":20},"end":{"line":36,"column":42}},"29":{"start":{"line":39,"column":2},"end":{"line":43,"column":5}},"30":{"start":{"line":40,"column":4},"end":{"line":42,"column":44}},"31":{"start":{"line":41,"column":20},"end":{"line":41,"column":46}},"32":{"start":{"line":42,"column":20},"end":{"line":42,"column":42}}},"fnMap":{"0":{"name":"(anonymous_0)","decl":{"start":{"line":8,"column":17},"end":{"line":8,"column":18}},"loc":{"start":{"line":8,"column":34},"end":{"line":48,"column":1}},"line":8},"1":{"name":"(anonymous_1)","decl":{"start":{"line":9,"column":35},"end":{"line":9,"column":36}},"loc":{"start":{"line":9,"column":49},"end":{"line":15,"column":3}},"line":9},"2":{"name":"(anonymous_2)","decl":{"start":{"line":12,"column":12},"end":{"line":12,"column":13}},"loc":{"start":{"line":12,"column":20},"end":{"line":12,"column":48}},"line":12},"3":{"name":"(anonymous_3)","decl":{"start":{"line":13,"column":12},"end":{"line":13,"column":13}},"loc":{"start":{"line":13,"column":20},"end":{"line":13,"column":46}},"line":13},"4":{"name":"(anonymous_4)","decl":{"start":{"line":14,"column":13},"end":{"line":14,"column":14}},"loc":{"start":{"line":14,"column":20},"end":{"line":14,"column":42}},"line":14},"5":{"name":"(anonymous_5)","decl":{"start":{"line":17,"column":27},"end":{"line":17,"column":28}},"loc":{"start":{"line":17,"column":41},"end":{"line":23,"column":3}},"line":17},"6":{"name":"(anonymous_6)","decl":{"start":{"line":19,"column":12},"end":{"line":19,"column":13}},"loc":{"start":{"line":19,"column":22},"end":{"line":19,"column":39}},"line":19},"7":{"name":"(anonymous_7)","decl":{"start":{"line":20,"column":12},"end":{"line":20,"column":13}},"loc":{"start":{"line":20,"column":20},"end":{"line":20,"column":36}},"line":20},"8":{"name":"(anonymous_8)","decl":{"start":{"line":21,"column":12},"end":{"line":21,"column":13}},"loc":{"start":{"line":21,"column":20},"end":{"line":21,"column":46}},"line":21},"9":{"name":"(anonymous_9)","decl":{"start":{"line":22,"column":13},"end":{"line":22,"column":14}},"loc":{"start":{"line":22,"column":20},"end":{"line":22,"column":42}},"line":22},"10":{"name":"(anonymous_10)","decl":{"start":{"line":24,"column":22},"end":{"line":24,"column":23}},"loc":{"start":{"line":24,"column":36},"end":{"line":29,"column":3}},"line":24},"11":{"name":"(anonymous_11)","decl":{"start":{"line":26,"column":12},"end":{"line":26,"column":13}},"loc":{"start":{"line":26,"column":19},"end":{"line":26,"column":50}},"line":26},"12":{"name":"(anonymous_12)","decl":{"start":{"line":26,"column":27},"end":{"line":26,"column":28}},"loc":{"start":{"line":26,"column":33},"end":{"line":26,"column":49}},"line":26},"13":{"name":"(anonymous_13)","decl":{"start":{"line":27,"column":12},"end":{"line":27,"column":13}},"loc":{"start":{"line":27,"column":20},"end":{"line":27,"column":46}},"line":27},"14":{"name":"(anonymous_14)","decl":{"start":{"line":28,"column":13},"end":{"line":28,"column":14}},"loc":{"start":{"line":28,"column":20},"end":{"line":28,"column":42}},"line":28},"15":{"name":"(anonymous_15)","decl":{"start":{"line":31,"column":38},"end":{"line":31,"column":39}},"loc":{"start":{"line":31,"column":52},"end":{"line":37,"column":3}},"line":31},"16":{"name":"(anonymous_16)","decl":{"start":{"line":34,"column":12},"end":{"line":34,"column":13}},"loc":{"start":{"line":34,"column":20},"end":{"line":34,"column":62}},"line":34},"17":{"name":"(anonymous_17)","decl":{"start":{"line":35,"column":12},"end":{"line":35,"column":13}},"loc":{"start":{"line":35,"column":20},"end":{"line":35,"column":46}},"line":35},"18":{"name":"(anonymous_18)","decl":{"start":{"line":36,"column":13},"end":{"line":36,"column":14}},"loc":{"start":{"line":36,"column":20},"end":{"line":36,"column":42}},"line":36},"19":{"name":"(anonymous_19)","decl":{"start":{"line":39,"column":29},"end":{"line":39,"column":30}},"loc":{"start":{"line":39,"column":43},"end":{"line":43,"column":3}},"line":39},"20":{"name":"(anonymous_20)","decl":{"start":{"line":41,"column":12},"end":{"line":41,"column":13}},"loc":{"start":{"line":41,"column":20},"end":{"line":41,"column":46}},"line":41},"21":{"name":"(anonymous_21)","decl":{"start":{"line":42,"column":13},"end":{"line":42,"column":14}},"loc":{"start":{"line":42,"column":20},"end":{"line":42,"column":42}},"line":42}},"branchMap":{},"s":{"0":4,"1":4,"2":4,"3":4,"4":4,"5":4,"6":2,"7":2,"8":1,"9":0,"10":2,"11":4,"12":0,"13":0,"14":0,"15":0,"16":0,"17":4,"18":0,"19":0,"20":0,"21":0,"22":0,"23":4,"24":0,"25":0,"26":0,"27":0,"28":0,"29":4,"30":0,"31":0,"32":0},"f":{"0":4,"1":2,"2":1,"3":0,"4":2,"5":0,"6":0,"7":0,"8":0,"9":0,"10":0,"11":0,"12":0,"13":0,"14":0,"15":0,"16":0,"17":0,"18":0,"19":0,"20":0,"21":0},"b":{},"_coverageSchema":"332fd63041d2c1bcb487cc26dd0d5f7d97098a6c","hash":"88329e4d7df84937650d01e64c26ed82ec13ef38"}
}
