{"/home/jesus/codefellows/401/week3/13-mongo-mongoose/lab-jesus/__test__/lib/jest-setup.js": {"path":"/home/jesus/codefellows/401/week3/13-mongo-mongoose/lab-jesus/__test__/lib/jest-setup.js","statementMap":{"0":{"start":{"line":3,"column":0},"end":{"line":3,"column":61}}},"fnMap":{},"branchMap":{},"s":{"0":4},"f":{},"b":{},"_coverageSchema":"332fd63041d2c1bcb487cc26dd0d5f7d97098a6c","hash":"a74034e2c0274ebb41c6ccb2a39d50457e74cd4d"}
,"/home/jesus/codefellows/401/week3/13-mongo-mongoose/lab-jesus/lib/error-handler.js": {"path":"/home/jesus/codefellows/401/week3/13-mongo-mongoose/lab-jesus/lib/error-handler.js","statementMap":{"0":{"start":{"line":3,"column":0},"end":{"line":14,"column":2}},"1":{"start":{"line":4,"column":12},"end":{"line":4,"column":37}},"2":{"start":{"line":6,"column":2},"end":{"line":13,"column":3}},"3":{"start":{"line":7,"column":35},"end":{"line":7,"column":94}},"4":{"start":{"line":8,"column":31},"end":{"line":8,"column":90}},"5":{"start":{"line":9,"column":35},"end":{"line":9,"column":94}},"6":{"start":{"line":10,"column":40},"end":{"line":10,"column":99}},"7":{"start":{"line":11,"column":38},"end":{"line":11,"column":97}},"8":{"start":{"line":12,"column":11},"end":{"line":12,"column":70}}},"fnMap":{"0":{"name":"(anonymous_0)","decl":{"start":{"line":3,"column":17},"end":{"line":3,"column":18}},"loc":{"start":{"line":3,"column":37},"end":{"line":14,"column":1}},"line":3}},"branchMap":{"0":{"loc":{"start":{"line":6,"column":2},"end":{"line":13,"column":3}},"type":"switch","locations":[{"start":{"line":7,"column":2},"end":{"line":7,"column":94}},{"start":{"line":8,"column":2},"end":{"line":8,"column":90}},{"start":{"line":9,"column":2},"end":{"line":9,"column":94}},{"start":{"line":10,"column":2},"end":{"line":10,"column":99}},{"start":{"line":11,"column":2},"end":{"line":11,"column":97}},{"start":{"line":12,"column":2},"end":{"line":12,"column":70}}],"line":6}},"s":{"0":4,"1":3,"2":3,"3":0,"4":0,"5":3,"6":0,"7":0,"8":0},"f":{"0":3},"b":{"0":[0,0,3,0,0,0]},"_coverageSchema":"332fd63041d2c1bcb487cc26dd0d5f7d97098a6c","hash":"e8bac3d606ab80da0f8f3e6bc553030cc9d42d59"}
,"/home/jesus/codefellows/401/week3/13-mongo-mongoose/lab-jesus/lib/server.js": {"path":"/home/jesus/codefellows/401/week3/13-mongo-mongoose/lab-jesus/lib/server.js","statementMap":{"0":{"start":{"line":4,"column":13},"end":{"line":4,"column":28}},"1":{"start":{"line":5,"column":16},"end":{"line":5,"column":34}},"2":{"start":{"line":6,"column":17},"end":{"line":6,"column":36}},"3":{"start":{"line":7,"column":21},"end":{"line":7,"column":47}},"4":{"start":{"line":10,"column":12},"end":{"line":10,"column":21}},"5":{"start":{"line":11,"column":13},"end":{"line":11,"column":29}},"6":{"start":{"line":12,"column":15},"end":{"line":12,"column":31}},"7":{"start":{"line":13,"column":20},"end":{"line":13,"column":43}},"8":{"start":{"line":16,"column":0},"end":{"line":16,"column":16}},"9":{"start":{"line":17,"column":0},"end":{"line":17,"column":27}},"10":{"start":{"line":18,"column":0},"end":{"line":18,"column":38}},"11":{"start":{"line":19,"column":0},"end":{"line":19,"column":93}},"12":{"start":{"line":19,"column":31},"end":{"line":19,"column":91}},"13":{"start":{"line":25,"column":15},"end":{"line":25,"column":34}},"14":{"start":{"line":26,"column":0},"end":{"line":37,"column":2}},"15":{"start":{"line":27,"column":2},"end":{"line":36,"column":5}},"16":{"start":{"line":28,"column":4},"end":{"line":28,"column":90}},"17":{"start":{"line":28,"column":20},"end":{"line":28,"column":90}},"18":{"start":{"line":30,"column":4},"end":{"line":35,"column":7}},"19":{"start":{"line":31,"column":6},"end":{"line":31,"column":42}},"20":{"start":{"line":32,"column":6},"end":{"line":32,"column":25}},"21":{"start":{"line":33,"column":6},"end":{"line":33,"column":48}},"22":{"start":{"line":34,"column":6},"end":{"line":34,"column":29}},"23":{"start":{"line":39,"column":0},"end":{"line":50,"column":2}},"24":{"start":{"line":40,"column":2},"end":{"line":49,"column":5}},"25":{"start":{"line":41,"column":4},"end":{"line":41,"column":93}},"26":{"start":{"line":41,"column":21},"end":{"line":41,"column":93}},"27":{"start":{"line":43,"column":4},"end":{"line":48,"column":7}},"28":{"start":{"line":44,"column":6},"end":{"line":44,"column":42}},"29":{"start":{"line":45,"column":6},"end":{"line":45,"column":28}},"30":{"start":{"line":46,"column":6},"end":{"line":46,"column":26}},"31":{"start":{"line":47,"column":6},"end":{"line":47,"column":29}}},"fnMap":{"0":{"name":"(anonymous_0)","decl":{"start":{"line":19,"column":17},"end":{"line":19,"column":18}},"loc":{"start":{"line":19,"column":31},"end":{"line":19,"column":91}},"line":19},"1":{"name":"(anonymous_1)","decl":{"start":{"line":26,"column":15},"end":{"line":26,"column":16}},"loc":{"start":{"line":26,"column":21},"end":{"line":37,"column":1}},"line":26},"2":{"name":"(anonymous_2)","decl":{"start":{"line":27,"column":21},"end":{"line":27,"column":22}},"loc":{"start":{"line":27,"column":42},"end":{"line":36,"column":3}},"line":27},"3":{"name":"(anonymous_3)","decl":{"start":{"line":30,"column":35},"end":{"line":30,"column":36}},"loc":{"start":{"line":30,"column":41},"end":{"line":35,"column":5}},"line":30},"4":{"name":"(anonymous_4)","decl":{"start":{"line":39,"column":14},"end":{"line":39,"column":15}},"loc":{"start":{"line":39,"column":20},"end":{"line":50,"column":1}},"line":39},"5":{"name":"(anonymous_5)","decl":{"start":{"line":40,"column":21},"end":{"line":40,"column":22}},"loc":{"start":{"line":40,"column":42},"end":{"line":49,"column":3}},"line":40},"6":{"name":"(anonymous_6)","decl":{"start":{"line":43,"column":22},"end":{"line":43,"column":23}},"loc":{"start":{"line":43,"column":28},"end":{"line":48,"column":5}},"line":43}},"branchMap":{"0":{"loc":{"start":{"line":28,"column":4},"end":{"line":28,"column":90}},"type":"if","locations":[{"start":{"line":28,"column":4},"end":{"line":28,"column":90}},{"start":{"line":28,"column":4},"end":{"line":28,"column":90}}],"line":28},"1":{"loc":{"start":{"line":41,"column":4},"end":{"line":41,"column":93}},"type":"if","locations":[{"start":{"line":41,"column":4},"end":{"line":41,"column":93}},{"start":{"line":41,"column":4},"end":{"line":41,"column":93}}],"line":41}},"s":{"0":4,"1":4,"2":4,"3":4,"4":4,"5":4,"6":4,"7":4,"8":4,"9":4,"10":4,"11":4,"12":3,"13":4,"14":4,"15":6,"16":6,"17":1,"18":5,"19":5,"20":5,"21":5,"22":5,"23":4,"24":6,"25":6,"26":1,"27":5,"28":5,"29":5,"30":5,"31":5},"f":{"0":3,"1":6,"2":6,"3":5,"4":6,"5":6,"6":5},"b":{"0":[1,5],"1":[1,5]},"_coverageSchema":"332fd63041d2c1bcb487cc26dd0d5f7d97098a6c","hash":"7d8f5a54472aa56a94fc166820697657b281707f"}
,"/home/jesus/codefellows/401/week3/13-mongo-mongoose/lab-jesus/model/car.js": {"path":"/home/jesus/codefellows/401/week3/13-mongo-mongoose/lab-jesus/model/car.js","statementMap":{"0":{"start":{"line":3,"column":17},"end":{"line":3,"column":36}},"1":{"start":{"line":5,"column":12},"end":{"line":9,"column":22}},"2":{"start":{"line":11,"column":0},"end":{"line":11,"column":45}}},"fnMap":{},"branchMap":{},"s":{"0":4,"1":4,"2":4},"f":{},"b":{},"_coverageSchema":"332fd63041d2c1bcb487cc26dd0d5f7d97098a6c","hash":"5c91cf397baf62d9424a34d50668185993e24ddd"}
,"/home/jesus/codefellows/401/week3/13-mongo-mongoose/lab-jesus/route/route-car.js": {"path":"/home/jesus/codefellows/401/week3/13-mongo-mongoose/lab-jesus/route/route-car.js","statementMap":{"0":{"start":{"line":3,"column":12},"end":{"line":3,"column":35}},"1":{"start":{"line":4,"column":19},"end":{"line":4,"column":48}},"2":{"start":{"line":5,"column":21},"end":{"line":5,"column":52}},"3":{"start":{"line":7,"column":0},"end":{"line":48,"column":2}},"4":{"start":{"line":12,"column":2},"end":{"line":47,"column":7}},"5":{"start":{"line":15,"column":6},"end":{"line":19,"column":7}},"6":{"start":{"line":16,"column":8},"end":{"line":18,"column":48}},"7":{"start":{"line":17,"column":25},"end":{"line":17,"column":52}},"8":{"start":{"line":18,"column":24},"end":{"line":18,"column":46}},"9":{"start":{"line":20,"column":6},"end":{"line":22,"column":46}},"10":{"start":{"line":21,"column":23},"end":{"line":21,"column":50}},"11":{"start":{"line":22,"column":22},"end":{"line":22,"column":44}},"12":{"start":{"line":27,"column":6},"end":{"line":27,"column":27}},"13":{"start":{"line":28,"column":6},"end":{"line":30,"column":46}},"14":{"start":{"line":29,"column":23},"end":{"line":29,"column":50}},"15":{"start":{"line":30,"column":22},"end":{"line":30,"column":44}},"16":{"start":{"line":33,"column":6},"end":{"line":35,"column":46}},"17":{"start":{"line":34,"column":25},"end":{"line":34,"column":52}},"18":{"start":{"line":35,"column":22},"end":{"line":35,"column":44}},"19":{"start":{"line":39,"column":6},"end":{"line":41,"column":46}},"20":{"start":{"line":40,"column":25},"end":{"line":40,"column":52}},"21":{"start":{"line":41,"column":22},"end":{"line":41,"column":44}}},"fnMap":{"0":{"name":"(anonymous_0)","decl":{"start":{"line":7,"column":17},"end":{"line":7,"column":18}},"loc":{"start":{"line":7,"column":34},"end":{"line":48,"column":1}},"line":7},"1":{"name":"(anonymous_1)","decl":{"start":{"line":13,"column":9},"end":{"line":13,"column":10}},"loc":{"start":{"line":13,"column":23},"end":{"line":25,"column":5}},"line":13},"2":{"name":"(anonymous_2)","decl":{"start":{"line":17,"column":16},"end":{"line":17,"column":17}},"loc":{"start":{"line":17,"column":25},"end":{"line":17,"column":52}},"line":17},"3":{"name":"(anonymous_3)","decl":{"start":{"line":18,"column":17},"end":{"line":18,"column":18}},"loc":{"start":{"line":18,"column":24},"end":{"line":18,"column":46}},"line":18},"4":{"name":"(anonymous_4)","decl":{"start":{"line":21,"column":14},"end":{"line":21,"column":15}},"loc":{"start":{"line":21,"column":23},"end":{"line":21,"column":50}},"line":21},"5":{"name":"(anonymous_5)","decl":{"start":{"line":22,"column":15},"end":{"line":22,"column":16}},"loc":{"start":{"line":22,"column":22},"end":{"line":22,"column":44}},"line":22},"6":{"name":"(anonymous_6)","decl":{"start":{"line":26,"column":22},"end":{"line":26,"column":23}},"loc":{"start":{"line":26,"column":36},"end":{"line":31,"column":5}},"line":26},"7":{"name":"(anonymous_7)","decl":{"start":{"line":29,"column":14},"end":{"line":29,"column":15}},"loc":{"start":{"line":29,"column":23},"end":{"line":29,"column":50}},"line":29},"8":{"name":"(anonymous_8)","decl":{"start":{"line":30,"column":15},"end":{"line":30,"column":16}},"loc":{"start":{"line":30,"column":22},"end":{"line":30,"column":44}},"line":30},"9":{"name":"(anonymous_9)","decl":{"start":{"line":32,"column":21},"end":{"line":32,"column":22}},"loc":{"start":{"line":32,"column":35},"end":{"line":36,"column":5}},"line":32},"10":{"name":"(anonymous_10)","decl":{"start":{"line":34,"column":14},"end":{"line":34,"column":15}},"loc":{"start":{"line":34,"column":25},"end":{"line":34,"column":52}},"line":34},"11":{"name":"(anonymous_11)","decl":{"start":{"line":35,"column":15},"end":{"line":35,"column":16}},"loc":{"start":{"line":35,"column":22},"end":{"line":35,"column":44}},"line":35},"12":{"name":"(anonymous_12)","decl":{"start":{"line":37,"column":12},"end":{"line":37,"column":13}},"loc":{"start":{"line":37,"column":26},"end":{"line":47,"column":5}},"line":37},"13":{"name":"(anonymous_13)","decl":{"start":{"line":40,"column":14},"end":{"line":40,"column":15}},"loc":{"start":{"line":40,"column":25},"end":{"line":40,"column":52}},"line":40},"14":{"name":"(anonymous_14)","decl":{"start":{"line":41,"column":15},"end":{"line":41,"column":16}},"loc":{"start":{"line":41,"column":22},"end":{"line":41,"column":44}},"line":41}},"branchMap":{"0":{"loc":{"start":{"line":15,"column":6},"end":{"line":19,"column":7}},"type":"if","locations":[{"start":{"line":15,"column":6},"end":{"line":19,"column":7}},{"start":{"line":15,"column":6},"end":{"line":19,"column":7}}],"line":15}},"s":{"0":4,"1":4,"2":4,"3":4,"4":4,"5":0,"6":0,"7":0,"8":0,"9":0,"10":0,"11":0,"12":1,"13":1,"14":1,"15":0,"16":2,"17":2,"18":0,"19":3,"20":3,"21":0},"f":{"0":4,"1":0,"2":0,"3":0,"4":0,"5":0,"6":1,"7":1,"8":0,"9":2,"10":2,"11":0,"12":3,"13":3,"14":0},"b":{"0":[0,0]},"_coverageSchema":"332fd63041d2c1bcb487cc26dd0d5f7d97098a6c","hash":"834aa664221e60c02b78909b807368b4f16190cd"}
}
