TN:
SF:/home/jesus/codefellows/401/week3/13-mongo-mongoose/lab-jesus/__test__/lib/jest-setup.js
FNF:0
FNH:0
DA:3,4
LF:1
LH:1
BRF:0
BRH:0
end_of_record
TN:
SF:/home/jesus/codefellows/401/week3/13-mongo-mongoose/lab-jesus/lib/error-handler.js
FN:3,(anonymous_0)
FNF:1
FNH:1
FNDA:3,(anonymous_0)
DA:3,4
DA:4,3
DA:6,3
DA:7,0
DA:8,0
DA:9,3
DA:10,0
DA:11,0
DA:12,0
LF:9
LH:4
BRDA:6,0,0,0
BRDA:6,0,1,0
BRDA:6,0,2,3
BRDA:6,0,3,0
BRDA:6,0,4,0
BRDA:6,0,5,0
BRF:6
BRH:1
end_of_record
TN:
SF:/home/jesus/codefellows/401/week3/13-mongo-mongoose/lab-jesus/lib/server.js
FN:19,(anonymous_0)
FN:26,(anonymous_1)
FN:27,(anonymous_2)
FN:30,(anonymous_3)
FN:39,(anonymous_4)
FN:40,(anonymous_5)
FN:43,(anonymous_6)
FNF:7
FNH:7
FNDA:3,(anonymous_0)
FNDA:6,(anonymous_1)
FNDA:6,(anonymous_2)
FNDA:5,(anonymous_3)
FNDA:6,(anonymous_4)
FNDA:6,(anonymous_5)
FNDA:5,(anonymous_6)
DA:4,4
DA:5,4
DA:6,4
DA:7,4
DA:10,4
DA:11,4
DA:12,4
DA:13,4
DA:16,4
DA:17,4
DA:18,4
DA:19,4
DA:25,4
DA:26,4
DA:27,6
DA:28,6
DA:30,5
DA:31,5
DA:32,5
DA:33,5
DA:34,5
DA:39,4
DA:40,6
DA:41,6
DA:43,5
DA:44,5
DA:45,5
DA:46,5
DA:47,5
LF:29
LH:29
BRDA:28,0,0,1
BRDA:28,0,1,5
BRDA:41,1,0,1
BRDA:41,1,1,5
BRF:4
BRH:4
end_of_record
TN:
SF:/home/jesus/codefellows/401/week3/13-mongo-mongoose/lab-jesus/model/car.js
FNF:0
FNH:0
DA:3,4
DA:5,4
DA:11,4
LF:3
LH:3
BRF:0
BRH:0
end_of_record
TN:
SF:/home/jesus/codefellows/401/week3/13-mongo-mongoose/lab-jesus/route/route-car.js
FN:7,(anonymous_0)
FN:13,(anonymous_1)
FN:17,(anonymous_2)
FN:18,(anonymous_3)
FN:21,(anonymous_4)
FN:22,(anonymous_5)
FN:26,(anonymous_6)
FN:29,(anonymous_7)
FN:30,(anonymous_8)
FN:32,(anonymous_9)
FN:34,(anonymous_10)
FN:35,(anonymous_11)
FN:37,(anonymous_12)
FN:40,(anonymous_13)
FN:41,(anonymous_14)
FNF:15
FNH:7
FNDA:4,(anonymous_0)
FNDA:0,(anonymous_1)
FNDA:0,(anonymous_2)
FNDA:0,(anonymous_3)
FNDA:0,(anonymous_4)
FNDA:0,(anonymous_5)
FNDA:1,(anonymous_6)
FNDA:1,(anonymous_7)
FNDA:0,(anonymous_8)
FNDA:2,(anonymous_9)
FNDA:2,(anonymous_10)
FNDA:0,(anonymous_11)
FNDA:3,(anonymous_12)
FNDA:3,(anonymous_13)
FNDA:0,(anonymous_14)
DA:3,4
DA:4,4
DA:5,4
DA:7,4
DA:12,4
DA:15,0
DA:16,0
DA:17,0
DA:18,0
DA:20,0
DA:21,0
DA:22,0
DA:27,1
DA:28,1
DA:29,1
DA:30,0
DA:33,2
DA:34,2
DA:35,0
DA:39,3
DA:40,3
DA:41,0
LF:22
LH:12
BRDA:15,0,0,0
BRDA:15,0,1,0
BRF:2
BRH:0
end_of_record
