TN:
SF:/home/jesus/codefellows/401/week3/13-mongo-mongoose/lab-jesus/__test__/lib/jest-setup.js
FNF:0
FNH:0
DA:3,7
LF:1
LH:1
BRF:0
BRH:0
end_of_record
TN:
SF:/home/jesus/codefellows/401/week3/13-mongo-mongoose/lab-jesus/lib/error-handler.js
FN:3,(anonymous_0)
FNF:1
FNH:1
FNDA:3,(anonymous_0)
DA:3,4
DA:4,3
DA:6,3
DA:7,1
DA:8,1
DA:9,1
LF:6
LH:6
BRDA:6,0,0,1
BRDA:6,0,1,1
BRDA:6,0,2,1
BRF:3
BRH:3
end_of_record
TN:
SF:/home/jesus/codefellows/401/week3/13-mongo-mongoose/lab-jesus/lib/server.js
FN:17,(anonymous_0)
FN:24,(anonymous_1)
FN:31,(anonymous_2)
FNF:3
FNH:3
FNDA:1,(anonymous_0)
FNDA:4,(anonymous_1)
FNDA:4,(anonymous_2)
DA:4,4
DA:5,4
DA:9,4
DA:10,4
DA:11,4
DA:15,4
DA:17,4
DA:20,4
DA:21,4
DA:22,4
DA:24,4
DA:25,4
DA:26,4
DA:27,4
DA:28,4
DA:31,4
DA:32,4
DA:33,4
DA:34,4
LF:19
LH:19
BRDA:25,0,0,0
BRDA:25,0,1,4
BRDA:32,1,0,0
BRDA:32,1,1,4
BRF:4
BRH:2
end_of_record
TN:
SF:/home/jesus/codefellows/401/week3/13-mongo-mongoose/lab-jesus/lib/storage.js
FN:9,(anonymous_0)
FN:13,(anonymous_1)
FN:16,(anonymous_2)
FN:19,(anonymous_3)
FN:22,(anonymous_4)
FN:26,(anonymous_5)
FN:29,(anonymous_6)
FN:32,(anonymous_7)
FN:40,(anonymous_8)
FN:44,(anonymous_9)
FN:50,(anonymous_10)
FN:55,(anonymous_11)
FN:60,(anonymous_12)
FNF:13
FNH:1
FNDA:1,(anonymous_0)
FNDA:0,(anonymous_1)
FNDA:0,(anonymous_2)
FNDA:0,(anonymous_3)
FNDA:0,(anonymous_4)
FNDA:0,(anonymous_5)
FNDA:0,(anonymous_6)
FNDA:0,(anonymous_7)
FNDA:0,(anonymous_8)
FNDA:0,(anonymous_9)
FNDA:0,(anonymous_10)
FNDA:0,(anonymous_11)
FNDA:0,(anonymous_12)
DA:3,4
DA:4,4
DA:5,4
DA:7,4
DA:9,4
DA:10,1
DA:11,1
DA:12,1
DA:13,0
DA:16,4
DA:17,0
DA:19,4
DA:22,4
DA:23,0
DA:24,0
DA:25,0
DA:26,0
DA:29,4
DA:32,4
DA:33,0
DA:40,4
DA:41,0
DA:42,0
DA:43,0
DA:46,0
DA:50,4
DA:51,0
DA:52,0
DA:55,4
DA:56,0
DA:57,0
DA:60,4
DA:61,0
LF:33
LH:17
BRF:0
BRH:0
end_of_record
TN:
SF:/home/jesus/codefellows/401/week3/13-mongo-mongoose/lab-jesus/model/note.js
FN:5,Note
FN:6,(anonymous_1)
FNF:2
FNH:2
FNDA:2,Note
FNDA:2,(anonymous_1)
DA:3,4
DA:5,4
DA:6,2
DA:7,2
DA:8,1
DA:9,1
DA:10,1
DA:12,1
LF:8
LH:8
BRDA:7,0,0,1
BRDA:7,0,1,1
BRDA:7,1,0,2
BRDA:7,1,1,1
BRF:4
BRH:4
end_of_record
TN:
SF:/home/jesus/codefellows/401/week3/13-mongo-mongoose/lab-jesus/route/route-note.js
FN:8,(anonymous_0)
FN:9,(anonymous_1)
FN:12,(anonymous_2)
FN:13,(anonymous_3)
FN:14,(anonymous_4)
FN:17,(anonymous_5)
FN:19,(anonymous_6)
FN:20,(anonymous_7)
FN:21,(anonymous_8)
FN:22,(anonymous_9)
FN:24,(anonymous_10)
FN:26,(anonymous_11)
FN:26,(anonymous_12)
FN:27,(anonymous_13)
FN:28,(anonymous_14)
FN:31,(anonymous_15)
FN:34,(anonymous_16)
FN:35,(anonymous_17)
FN:36,(anonymous_18)
FN:39,(anonymous_19)
FN:41,(anonymous_20)
FN:42,(anonymous_21)
FNF:22
FNH:4
FNDA:4,(anonymous_0)
FNDA:2,(anonymous_1)
FNDA:1,(anonymous_2)
FNDA:0,(anonymous_3)
FNDA:2,(anonymous_4)
FNDA:0,(anonymous_5)
FNDA:0,(anonymous_6)
FNDA:0,(anonymous_7)
FNDA:0,(anonymous_8)
FNDA:0,(anonymous_9)
FNDA:0,(anonymous_10)
FNDA:0,(anonymous_11)
FNDA:0,(anonymous_12)
FNDA:0,(anonymous_13)
FNDA:0,(anonymous_14)
FNDA:0,(anonymous_15)
FNDA:0,(anonymous_16)
FNDA:0,(anonymous_17)
FNDA:0,(anonymous_18)
FNDA:0,(anonymous_19)
FNDA:0,(anonymous_20)
FNDA:0,(anonymous_21)
DA:3,4
DA:4,4
DA:5,4
DA:6,4
DA:8,4
DA:9,4
DA:10,2
DA:11,2
DA:12,1
DA:13,0
DA:14,2
DA:17,4
DA:18,0
DA:19,0
DA:20,0
DA:21,0
DA:22,0
DA:24,4
DA:25,0
DA:26,0
DA:27,0
DA:28,0
DA:31,4
DA:32,0
DA:33,0
DA:34,0
DA:35,0
DA:36,0
DA:39,4
DA:40,0
DA:41,0
DA:42,0
LF:32
LH:14
BRF:0
BRH:0
end_of_record
